<?xml version="1.0" encoding="UTF-8"?>
<!-- Generated by org.testng.reporters.JUnitReportReporter -->
<testsuite hostname="DESKTOP-0LCP7RA" failures="0" tests="1" name="selenium.checkEnvironment" time="0.009" errors="0" timestamp="11 Nov 2021 07:31:41 GMT" skipped="0">
  <testcase classname="selenium.checkEnvironment" name="f" time="0.009"/>
</testsuite> <!-- selenium.checkEnvironment -->
